<?xml version="1.0" encoding="UTF-8"?>
<!-- Generated by org.testng.reporters.JUnitXMLReporter -->
<testsuite ignored="0" hostname="DESKTOP-JUQ15IP" failures="0" tests="3" name="Functional-IE" time="10799.141" errors="0" timestamp="2020-11-18T16:53:13 EST">
  <testcase classname="com.vndly.PageObjects.BaseTest" name="@BeforeClass beforeClass" time="10799.121">
    <failure type="org.openqa.selenium.remote.UnreachableBrowserException" message="Could not start a new session. Possible causes are invalid address of the remote server or browser start-up failure.
Build info: version: &amp;apos;4.0.0-alpha-3&amp;apos;, revision: &amp;apos;8c567de6dc&amp;apos;
System info: host: &amp;apos;DESKTOP-JUQ15IP&amp;apos;, ip: &amp;apos;192.168.0.10&amp;apos;, os.name: &amp;apos;Windows 10&amp;apos;, os.arch: &amp;apos;amd64&amp;apos;, os.version: &amp;apos;10.0&amp;apos;, java.version: &amp;apos;12.0.1&amp;apos;
Driver info: driver.version: InternetExplorerDriver">
      <![CDATA[org.openqa.selenium.remote.UnreachableBrowserException: Could not start a new session. Possible causes are invalid address of the remote server or browser start-up failure.
Build info: version: '4.0.0-alpha-3', revision: '8c567de6dc'
System info: host: 'DESKTOP-JUQ15IP', ip: '192.168.0.10', os.name: 'Windows 10', os.arch: 'amd64', os.version: '10.0', java.version: '12.0.1'
Driver info: driver.version: InternetExplorerDriver
at org.openqa.selenium.remote.RemoteWebDriver.execute(RemoteWebDriver.java:597)
at org.openqa.selenium.remote.RemoteWebDriver.startSession(RemoteWebDriver.java:210)
at org.openqa.selenium.ie.InternetExplorerDriver.run(InternetExplorerDriver.java:186)
at org.openqa.selenium.ie.InternetExplorerDriver.<init>(InternetExplorerDriver.java:178)
at org.openqa.selenium.ie.InternetExplorerDriver.<init>(InternetExplorerDriver.java:142)
at com.vndly.PageObjects.BaseTest.beforeClass(BaseTest.java:51)
at java.base/java.util.ArrayList.forEach(ArrayList.java:1540)
Caused by: java.io.UncheckedIOException: java.net.SocketTimeoutException: timeout
at org.openqa.selenium.remote.http.okhttp.OkHandler.makeCall(OkHandler.java:63)
at org.openqa.selenium.remote.http.AddSeleniumUserAgent.lambda$apply$0(AddSeleniumUserAgent.java:42)
at org.openqa.selenium.remote.http.Filter.lambda$andFinally$1(Filter.java:55)
at org.openqa.selenium.remote.http.okhttp.OkHandler.execute(OkHandler.java:52)
at org.openqa.selenium.remote.http.AddSeleniumUserAgent.lambda$apply$0(AddSeleniumUserAgent.java:42)
at org.openqa.selenium.remote.http.Filter.lambda$andFinally$1(Filter.java:55)
at org.openqa.selenium.remote.http.okhttp.OkHttpClient.execute(OkHttpClient.java:45)
at org.openqa.selenium.remote.ProtocolHandshake.createSession(ProtocolHandshake.java:106)
at org.openqa.selenium.remote.ProtocolHandshake.createSession(ProtocolHandshake.java:75)
at org.openqa.selenium.remote.HttpCommandExecutor.execute(HttpCommandExecutor.java:139)
at org.openqa.selenium.remote.service.DriverCommandExecutor.execute(DriverCommandExecutor.java:83)
at org.openqa.selenium.remote.RemoteWebDriver.execute(RemoteWebDriver.java:576)
... 31 more
Caused by: java.net.SocketTimeoutException: timeout
at okio.SocketAsyncTimeout.newTimeoutException(Okio.kt:159)
at okio.AsyncTimeout.exit$jvm(AsyncTimeout.kt:203)
at okio.AsyncTimeout$source$1.read(AsyncTimeout.kt:163)
at okio.RealBufferedSource.indexOf(RealBufferedSource.kt:349)
at okio.RealBufferedSource.readUtf8LineStrict(RealBufferedSource.kt:222)
at okhttp3.internal.http1.Http1ExchangeCodec.readHeaderLine(Http1ExchangeCodec.kt:210)
at okhttp3.internal.http1.Http1ExchangeCodec.readResponseHeaders(Http1ExchangeCodec.kt:181)
at okhttp3.internal.connection.Exchange.readResponseHeaders(Exchange.kt:105)
at okhttp3.internal.http.CallServerInterceptor.intercept(CallServerInterceptor.kt:82)
at okhttp3.internal.http.RealInterceptorChain.proceed(RealInterceptorChain.kt:112)
at okhttp3.internal.http.RealInterceptorChain.proceed(RealInterceptorChain.kt:87)
at org.openqa.selenium.remote.http.okhttp.CreateOkClient.lambda$apply$1(CreateOkClient.java:66)
at okhttp3.internal.http.RealInterceptorChain.proceed(RealInterceptorChain.kt:112)
at okhttp3.internal.connection.ConnectInterceptor.intercept(ConnectInterceptor.kt:37)
at okhttp3.internal.http.RealInterceptorChain.proceed(RealInterceptorChain.kt:112)
at okhttp3.internal.http.RealInterceptorChain.proceed(RealInterceptorChain.kt:87)
at okhttp3.internal.cache.CacheInterceptor.intercept(CacheInterceptor.kt:82)
at okhttp3.internal.http.RealInterceptorChain.proceed(RealInterceptorChain.kt:112)
at okhttp3.internal.http.RealInterceptorChain.proceed(RealInterceptorChain.kt:87)
at okhttp3.internal.http.BridgeInterceptor.intercept(BridgeInterceptor.kt:84)
at okhttp3.internal.http.RealInterceptorChain.proceed(RealInterceptorChain.kt:112)
at okhttp3.internal.http.RetryAndFollowUpInterceptor.intercept(RetryAndFollowUpInterceptor.kt:71)
at okhttp3.internal.http.RealInterceptorChain.proceed(RealInterceptorChain.kt:112)
at okhttp3.internal.http.RealInterceptorChain.proceed(RealInterceptorChain.kt:87)
at okhttp3.RealCall.getResponseWithInterceptorChain(RealCall.kt:184)
at okhttp3.RealCall.execute(RealCall.kt:66)
at org.openqa.selenium.remote.http.okhttp.OkHandler.makeCall(OkHandler.java:60)
... 42 more
Caused by: java.net.SocketTimeoutException: Read timed out
at java.base/java.net.SocketInputStream.socketRead0(Native Method)
at java.base/java.net.SocketInputStream.socketRead(SocketInputStream.java:115)
at java.base/java.net.SocketInputStream.read(SocketInputStream.java:168)
at java.base/java.net.SocketInputStream.read(SocketInputStream.java:140)
at okio.InputStreamSource.read(Okio.kt:102)
at okio.AsyncTimeout$source$1.read(AsyncTimeout.kt:159)
... 66 more
... Removed 25 stack frames]]>
    </failure>
  </testcase> <!-- @BeforeClass beforeClass -->
  <testcase classname="com.vndly.PageObjects.BaseTest" name="@AfterClass afterClass" time="-1.605736393576E9">
    <skipped/>
  </testcase> <!-- @AfterClass afterClass -->
  <testcase classname="com.vndly.testCases.TC_SubmitForm" name="TC_fill_Student_RegistrationForm" time="0.0">
    <skipped/>
  </testcase> <!-- TC_fill_Student_RegistrationForm -->
  <testcase classname="com.vndly.testCases.TC_SubmitForm" name="validateText" time="0.0">
    <skipped/>
  </testcase> <!-- validateText -->
  <testcase classname="com.vndly.testCases.TC_SubmitForm" name="unValidedText_Capture_A_Screenshot" time="0.0">
    <skipped/>
  </testcase> <!-- unValidedText_Capture_A_Screenshot -->
</testsuite> <!-- Functional-IE -->
